0 info it worked if it ends with ok
1 verbose cli [ '/usr/local/bin/iojs', '/usr/local/bin/npm', 'publish' ]
2 info using npm@2.7.1
3 info using node@v1.6.2
4 verbose publish [ '.' ]
5 silly cache add args [ '.', null ]
6 verbose cache add spec .
7 silly cache add parsed spec { raw: '.',
7 silly cache add   scope: null,
7 silly cache add   name: null,
7 silly cache add   rawSpec: '.',
7 silly cache add   spec: '/Users/gkucmierz/workspace/brainfuck',
7 silly cache add   type: 'directory' }
8 verbose addLocalDirectory /Users/gkucmierz/.npm/brainfuck-compiler/0.0.1/package.tgz not in flight; packing
9 verbose tar pack [ '/Users/gkucmierz/.npm/brainfuck-compiler/0.0.1/package.tgz',
9 verbose tar pack   '/Users/gkucmierz/workspace/brainfuck' ]
10 verbose tarball /Users/gkucmierz/.npm/brainfuck-compiler/0.0.1/package.tgz
11 verbose folder /Users/gkucmierz/workspace/brainfuck
12 info prepublish brainfuck-compiler@0.0.1
13 verbose addLocalTarball adding from inside cache /Users/gkucmierz/.npm/brainfuck-compiler/0.0.1/package.tgz
14 silly cache afterAdd brainfuck-compiler@0.0.1
15 verbose afterAdd /Users/gkucmierz/.npm/brainfuck-compiler/0.0.1/package/package.json not in flight; writing
16 verbose afterAdd /Users/gkucmierz/.npm/brainfuck-compiler/0.0.1/package/package.json written
17 silly publish { name: 'brainfuck-compiler',
17 silly publish   version: '0.0.1',
17 silly publish   description: 'brainfuck compiler to JavaScript',
17 silly publish   private: false,
17 silly publish   dependencies: { 'lodash-node': '^3.6.0' },
17 silly publish   devDependencies: {},
17 silly publish   repository: { type: 'git', url: 'git://github.com/gkucmierz/brainfuck.git' },
17 silly publish   bugs: { url: 'https://github.com/gkucmierz/brainfuck/issues' },
17 silly publish   homepage: 'https://github.com/gkucmierz/brainfuck',
17 silly publish   main: 'brainfuck.js',
17 silly publish   scripts: { test: 'echo "Error: no test specified" && exit 1' },
17 silly publish   keywords: [ 'brainfuck', 'compiler', 'interpreter' ],
17 silly publish   author:
17 silly publish    { name: 'https://github.com/gkucmierz',
17 silly publish      email: 'gkucmierz@gmail.com' },
17 silly publish   license: 'MIT',
17 silly publish   readme: '# Brainfuck\n\nVery simple Brainfuck compilator to JavaScript\n\n```\nnpm install\n```\n\nRequire bf\n```\nvar bf = require(\'./brainfuck.js\');\n```\n\nConfigure compilator\n```\nbf.config({memorySize: 256, bits: 16});\n```\n\nCompile Brainfuck code\n```\nvar compiled = bf.compile(\'++++++++++[>+++++++>++++++++++>+++>+<<<<-]>++.>+.+++++++..+++.>++.<<+++++++++++++++.>.+++.------.--------.>+.>.\');\n```\n\nRun code with empty input\n```\nvar buf = [];\ncompiled.run(\'\', function (num, char) {\n  buf.push(char);\n});\nconsole.log(buf.join(\'\'));\n```\n\nShow compiled code\n```\nconsole.log(compiled + \'\');\n```\n',
17 silly publish   readmeFilename: 'README.md',
17 silly publish   gitHead: 'df03841fd114e10e8459da5da1452a02596a9766',
17 silly publish   _id: 'brainfuck-compiler@0.0.1',
17 silly publish   _shasum: '62bd2643a1baedeef13835c12bc6d2aa0c1a9eb4',
17 silly publish   _from: '.' }
18 silly mapToRegistry name brainfuck-compiler
19 silly mapToRegistry using default registry
20 silly mapToRegistry registry https://registry.npmjs.org/
21 silly mapToRegistry uri https://registry.npmjs.org/brainfuck-compiler
22 verbose publish registryBase https://registry.npmjs.org/
23 silly publish uploading /Users/gkucmierz/.npm/brainfuck-compiler/0.0.1/package.tgz
24 verbose request uri https://registry.npmjs.org/brainfuck-compiler
25 verbose request sending authorization for write operation
26 info attempt registry request try #1 at 01:50:00
27 verbose request id c69ee413991903c2
28 http request PUT https://registry.npmjs.org/brainfuck-compiler
29 http 409 https://registry.npmjs.org/brainfuck-compiler
30 verbose headers { date: 'Sun, 05 Apr 2015 23:50:01 GMT',
30 verbose headers   server: 'Apache',
30 verbose headers   'content-type': 'application/json',
30 verbose headers   'cache-control': 'max-age=60',
30 verbose headers   'content-length': '17',
30 verbose headers   'accept-ranges': 'bytes',
30 verbose headers   via: '1.1 varnish',
30 verbose headers   'x-served-by': 'cache-fra1239-FRA',
30 verbose headers   'x-cache': 'MISS',
30 verbose headers   'x-cache-hits': '0',
30 verbose headers   'x-timer': 'S1428277800.882120,VS0,VE741',
30 verbose headers   'keep-alive': 'timeout=10, max=50',
30 verbose headers   connection: 'Keep-Alive' }
31 verbose request invalidating /Users/gkucmierz/.npm/registry.npmjs.org/brainfuck-compiler on PUT
32 verbose request uri https://registry.npmjs.org/brainfuck-compiler?write=true
33 verbose request no auth needed
34 info attempt registry request try #1 at 01:50:02
35 http request GET https://registry.npmjs.org/brainfuck-compiler?write=true
36 http 200 https://registry.npmjs.org/brainfuck-compiler?write=true
37 verbose stack Error: cannot modify pre-existing version
37 verbose stack     at conflictError (/usr/local/lib/node_modules/npm/node_modules/npm-registry-client/lib/publish.js:184:11)
37 verbose stack     at CachingRegistryClient.putNext (/usr/local/lib/node_modules/npm/node_modules/npm-registry-client/lib/publish.js:147:15)
37 verbose stack     at /usr/local/lib/node_modules/npm/node_modules/npm-registry-client/lib/publish.js:129:15
37 verbose stack     at /usr/local/lib/node_modules/npm/lib/cache/caching-client.js:52:8
37 verbose stack     at f (/usr/local/lib/node_modules/npm/node_modules/once/once.js:17:25)
37 verbose stack     at /usr/local/lib/node_modules/npm/node_modules/npm-registry-client/lib/request.js:73:16
37 verbose stack     at f (/usr/local/lib/node_modules/npm/node_modules/once/once.js:17:25)
37 verbose stack     at CachingRegistryClient.<anonymous> (/usr/local/lib/node_modules/npm/node_modules/npm-registry-client/lib/request.js:262:12)
37 verbose stack     at Request._callback (/usr/local/lib/node_modules/npm/node_modules/npm-registry-client/lib/request.js:178:14)
37 verbose stack     at Request.self.callback (/usr/local/lib/node_modules/npm/node_modules/request/request.js:344:22)
38 verbose pkgid brainfuck-compiler
39 verbose cwd /Users/gkucmierz/workspace/brainfuck
40 error Darwin 14.1.0
41 error argv "/usr/local/bin/iojs" "/usr/local/bin/npm" "publish"
42 error node v1.6.2
43 error npm  v2.7.1
44 error code EPUBLISHCONFLICT
45 error publish fail Cannot publish over existing version.
45 error publish fail Update the 'version' field in package.json and try again.
45 error publish fail
45 error publish fail To automatically increment version numbers, see:
45 error publish fail     npm help version
46 verbose exit [ 1, true ]
